<?xml version="1.0" encoding="UTF-8"?>
<!-- Generated by org.testng.reporters.JUnitReportReporter -->
<testsuite hostname="news-MacBook-Pro" failures="0" tests="1" name="Task" time="0.470" errors="0" timestamp="2024-07-04T20:08:57 EET" skipped="0">
  <testcase classname="Task" name="emptyPassword" time="0.470"/>
</testsuite> <!-- Task -->
